<?xml version="1.0" encoding="UTF-8"?>
<testng-results ignored="0" total="4" passed="4" failed="0" skipped="0">
  <reporter-output>
  </reporter-output>
  <suite started-at="2022-09-13T08:30:50 IST" name="Default suite" finished-at="2022-09-13T08:31:12 IST" duration-ms="21882">
    <groups>
      <group name="cucumber">
        <method signature="AbstractTestNGCucumberTests.runScenario(io.cucumber.testng.PickleWrapper,io.cucumber.testng.FeatureWrapper)[pri:0, instance:com.runtestng.TestngRunner@6a6cb05c]" name="runScenario" class="io.cucumber.testng.AbstractTestNGCucumberTests"/>
      </group> <!-- cucumber -->
    </groups>
    <test started-at="2022-09-13T08:30:50 IST" name="Default test" finished-at="2022-09-13T08:31:12 IST" duration-ms="21882">
      <class name="com.runtestng.TestngRunner">
        <test-method is-config="true" signature="setUpClass(org.testng.ITestContext)[pri:0, instance:com.runtestng.TestngRunner@6a6cb05c]" started-at="2022-09-13T08:30:50 IST" name="setUpClass" finished-at="2022-09-13T08:30:51 IST" duration-ms="698" status="PASS">
          <params>
            <param index="0">
              <value>
                <![CDATA[org.testng.TestRunner@477021ee]]>
              </value>
            </param>
          </params>
          <reporter-output>
          </reporter-output>
        </test-method> <!-- setUpClass -->
        <test-method is-config="true" signature="setup()[pri:0, instance:com.runtestng.TestngRunner@6a6cb05c]" started-at="2022-09-13T08:30:51 IST" name="setup" finished-at="2022-09-13T08:30:55 IST" duration-ms="4109" status="PASS">
          <reporter-output>
          </reporter-output>
        </test-method> <!-- setup -->
        <test-method signature="runScenario(io.cucumber.testng.PickleWrapper,io.cucumber.testng.FeatureWrapper)[pri:0, instance:com.runtestng.TestngRunner@6a6cb05c]" started-at="2022-09-13T08:30:55 IST" name="runScenario" description="Runs Cucumber Scenarios" data-provider="scenarios" finished-at="2022-09-13T08:31:08 IST" duration-ms="13456" status="PASS">
          <params>
            <param index="0">
              <value>
                <![CDATA["Hotel login"]]>
              </value>
            </param>
            <param index="1">
              <value>
                <![CDATA["Room Booking Finctionally"]]>
              </value>
            </param>
          </params>
          <reporter-output>
          </reporter-output>
        </test-method> <!-- runScenario -->
        <test-method signature="runScenario(io.cucumber.testng.PickleWrapper,io.cucumber.testng.FeatureWrapper)[pri:0, instance:com.runtestng.TestngRunner@6a6cb05c]" started-at="2022-09-13T08:31:08 IST" name="runScenario" description="Runs Cucumber Scenarios" data-provider="scenarios" finished-at="2022-09-13T08:31:10 IST" duration-ms="1611" status="PASS">
          <params>
            <param index="0">
              <value>
                <![CDATA["Room Details"]]>
              </value>
            </param>
            <param index="1">
              <value>
                <![CDATA["Room Booking Finctionally"]]>
              </value>
            </param>
          </params>
          <reporter-output>
          </reporter-output>
        </test-method> <!-- runScenario -->
        <test-method signature="runScenario(io.cucumber.testng.PickleWrapper,io.cucumber.testng.FeatureWrapper)[pri:0, instance:com.runtestng.TestngRunner@6a6cb05c]" started-at="2022-09-13T08:31:10 IST" name="runScenario" description="Runs Cucumber Scenarios" data-provider="scenarios" finished-at="2022-09-13T08:31:11 IST" duration-ms="938" status="PASS">
          <params>
            <param index="0">
              <value>
                <![CDATA["Selection"]]>
              </value>
            </param>
            <param index="1">
              <value>
                <![CDATA["Room Booking Finctionally"]]>
              </value>
            </param>
          </params>
          <reporter-output>
          </reporter-output>
        </test-method> <!-- runScenario -->
        <test-method signature="runScenario(io.cucumber.testng.PickleWrapper,io.cucumber.testng.FeatureWrapper)[pri:0, instance:com.runtestng.TestngRunner@6a6cb05c]" started-at="2022-09-13T08:31:11 IST" name="runScenario" description="Runs Cucumber Scenarios" data-provider="scenarios" finished-at="2022-09-13T08:31:12 IST" duration-ms="943" status="PASS">
          <params>
            <param index="0">
              <value>
                <![CDATA["Book The Room"]]>
              </value>
            </param>
            <param index="1">
              <value>
                <![CDATA["Room Booking Finctionally"]]>
              </value>
            </param>
          </params>
          <reporter-output>
          </reporter-output>
        </test-method> <!-- runScenario -->
        <test-method is-config="true" signature="tearDownClass()[pri:0, instance:com.runtestng.TestngRunner@6a6cb05c]" started-at="2022-09-13T08:31:12 IST" name="tearDownClass" finished-at="2022-09-13T08:31:12 IST" duration-ms="62" status="PASS">
          <reporter-output>
          </reporter-output>
        </test-method> <!-- tearDownClass -->
      </class> <!-- com.runtestng.TestngRunner -->
    </test> <!-- Default test -->
  </suite> <!-- Default suite -->
</testng-results>
